#
# There is insufficient memory for the Java Runtime Environment to continue.
# Native memory allocation (mmap) failed to map 131596288 bytes for committing reserved memory.
# Possible reasons:
#   The system is out of physical RAM or swap space
#   In 32 bit mode, the process size limit was hit
# Possible solutions:
#   Reduce memory load on the system
#   Increase physical memory or swap space
#   Check if swap backing store is full
#   Use 64 bit Java on a 64 bit OS
#   Decrease Java heap size (-Xmx/-Xms)
#   Decrease number of Java threads
#   Decrease Java thread stack sizes (-Xss)
#   Set larger code cache with -XX:ReservedCodeCacheSize=
# This output file may be truncated or incomplete.
#
#  Out of Memory Error (os_linux.cpp:2627), pid=8134, tid=0x00007f6e16b87700
#
# JRE version:  (8.0_101-b13) (build )
# Java VM: Java HotSpot(TM) 64-Bit Server VM (25.101-b13 mixed mode linux-amd64 compressed oops)
# Failed to write core dump. Core dumps have been disabled. To enable core dumping, try "ulimit -c unlimited" before starting Java again
#

---------------  T H R E A D  ---------------

Current thread (0x00007f6e1000a000):  JavaThread "Unknown thread" [_thread_in_vm, id=8135, stack(0x00007f6e16a87000,0x00007f6e16b88000)]

Stack: [0x00007f6e16a87000,0x00007f6e16b88000],  sp=0x00007f6e16b86380,  free space=1020k
Native frames: (J=compiled Java code, j=interpreted, Vv=VM code, C=native code)
V  [libjvm.so+0xac3f0a]  VMError::report_and_die()+0x2ba
V  [libjvm.so+0x4fbf9b]  report_vm_out_of_memory(char const*, int, unsigned long, VMErrorType, char const*)+0x8b
V  [libjvm.so+0x9222d3]  os::Linux::commit_memory_impl(char*, unsigned long, bool)+0x103
V  [libjvm.so+0x922829]  os::pd_commit_memory(char*, unsigned long, unsigned long, bool)+0x29
V  [libjvm.so+0x91cb2a]  os::commit_memory(char*, unsigned long, unsigned long, bool)+0x2a
V  [libjvm.so+0x991053]  PSVirtualSpace::expand_by(unsigned long)+0x53
V  [libjvm.so+0x981177]  PSOldGen::initialize(ReservedSpace, unsigned long, char const*, int)+0xb7
V  [libjvm.so+0x2d884a]  AdjoiningGenerations::AdjoiningGenerations(ReservedSpace, GenerationSizer*, unsigned long)+0x39a
V  [libjvm.so+0x945686]  ParallelScavengeHeap::initialize()+0x1d6
V  [libjvm.so+0xa8c753]  Universe::initialize_heap()+0xf3
V  [libjvm.so+0xa8c99e]  universe_init()+0x3e
V  [libjvm.so+0x63bdf5]  init_globals()+0x65
V  [libjvm.so+0xa70bfe]  Threads::create_vm(JavaVMInitArgs*, bool*)+0x23e
V  [libjvm.so+0x6d08f4]  JNI_CreateJavaVM+0x74
C  [libjli.so+0x745e]  JavaMain+0x9e
C  [libpthread.so.0+0x8184]  start_thread+0xc4


---------------  P R O C E S S  ---------------

Java Threads: ( => current thread )

Other Threads:

=>0x00007f6e1000a000 (exited) JavaThread "Unknown thread" [_thread_in_vm, id=8135, stack(0x00007f6e16a87000,0x00007f6e16b88000)]

VM state:not at safepoint (not fully initialized)

VM Mutex/Monitor currently owned by a thread: None

GC Heap History (0 events):
No events

Deoptimization events (0 events):
No events

Internal exceptions (0 events):
No events

Events (0 events):
No events


Dynamic libraries:
00400000-00401000 r-xp 00000000 08:06 5645085                            /usr/lib/jvm/java-8-oracle/jre/bin/java
00600000-00601000 rw-p 00000000 08:06 5645085                            /usr/lib/jvm/java-8-oracle/jre/bin/java
00808000-00829000 rw-p 00000000 00:00 0                                  [heap]
70db80000-781f80000 ---p 00000000 00:00 0 
781f80000-785e00000 rw-p 00000000 00:00 0 
785e00000-7c0000000 ---p 00000000 00:00 0 
7f6dfffc1000-7f6e00248000 rw-p 00000000 00:00 0 
7f6e00248000-7f6e00628000 ---p 00000000 00:00 0 
7f6e00628000-7f6e00648000 rw-p 00000000 00:00 0 
7f6e00648000-7f6e00819000 ---p 00000000 00:00 0 
7f6e00819000-7f6e00824000 rw-p 00000000 00:00 0 
7f6e00824000-7f6e00bda000 ---p 00000000 00:00 0 
7f6e00bda000-7f6e00e4a000 rwxp 00000000 00:00 0 
7f6e00e4a000-7f6e0fbda000 ---p 00000000 00:00 0 
7f6e0fbda000-7f6e0fbf4000 r-xp 00000000 08:06 5774091                    /usr/lib/jvm/java-8-oracle/jre/lib/amd64/libzip.so
7f6e0fbf4000-7f6e0fdf4000 ---p 0001a000 08:06 5774091                    /usr/lib/jvm/java-8-oracle/jre/lib/amd64/libzip.so
7f6e0fdf4000-7f6e0fdf5000 rw-p 0001a000 08:06 5774091                    /usr/lib/jvm/java-8-oracle/jre/lib/amd64/libzip.so
7f6e0fdf5000-7f6e0fdff000 r-xp 00000000 08:06 1049739                    /lib/x86_64-linux-gnu/libnss_files-2.19.so
7f6e0fdff000-7f6e0fffe000 ---p 0000a000 08:06 1049739                    /lib/x86_64-linux-gnu/libnss_files-2.19.so
7f6e0fffe000-7f6e0ffff000 r--p 00009000 08:06 1049739                    /lib/x86_64-linux-gnu/libnss_files-2.19.so
7f6e0ffff000-7f6e10000000 rw-p 0000a000 08:06 1049739                    /lib/x86_64-linux-gnu/libnss_files-2.19.so
7f6e10000000-7f6e10032000 rw-p 00000000 00:00 0 
7f6e10032000-7f6e14000000 ---p 00000000 00:00 0 
7f6e1402a000-7f6e14035000 r-xp 00000000 08:06 1049702                    /lib/x86_64-linux-gnu/libnss_nis-2.19.so
7f6e14035000-7f6e14234000 ---p 0000b000 08:06 1049702                    /lib/x86_64-linux-gnu/libnss_nis-2.19.so
7f6e14234000-7f6e14235000 r--p 0000a000 08:06 1049702                    /lib/x86_64-linux-gnu/libnss_nis-2.19.so
7f6e14235000-7f6e14236000 rw-p 0000b000 08:06 1049702                    /lib/x86_64-linux-gnu/libnss_nis-2.19.so
7f6e14236000-7f6e1424d000 r-xp 00000000 08:06 1049692                    /lib/x86_64-linux-gnu/libnsl-2.19.so
7f6e1424d000-7f6e1444c000 ---p 00017000 08:06 1049692                    /lib/x86_64-linux-gnu/libnsl-2.19.so
7f6e1444c000-7f6e1444d000 r--p 00016000 08:06 1049692                    /lib/x86_64-linux-gnu/libnsl-2.19.so
7f6e1444d000-7f6e1444e000 rw-p 00017000 08:06 1049692                    /lib/x86_64-linux-gnu/libnsl-2.19.so
7f6e1444e000-7f6e14450000 rw-p 00000000 00:00 0 
7f6e14450000-7f6e14459000 r-xp 00000000 08:06 1049686                    /lib/x86_64-linux-gnu/libnss_compat-2.19.so
7f6e14459000-7f6e14658000 ---p 00009000 08:06 1049686                    /lib/x86_64-linux-gnu/libnss_compat-2.19.so
7f6e14658000-7f6e14659000 r--p 00008000 08:06 1049686                    /lib/x86_64-linux-gnu/libnss_compat-2.19.so
7f6e14659000-7f6e1465a000 rw-p 00009000 08:06 1049686                    /lib/x86_64-linux-gnu/libnss_compat-2.19.so
7f6e1465a000-7f6e14684000 r-xp 00000000 08:06 5774079                    /usr/lib/jvm/java-8-oracle/jre/lib/amd64/libjava.so
7f6e14684000-7f6e14884000 ---p 0002a000 08:06 5774079                    /usr/lib/jvm/java-8-oracle/jre/lib/amd64/libjava.so
7f6e14884000-7f6e14886000 rw-p 0002a000 08:06 5774079                    /usr/lib/jvm/java-8-oracle/jre/lib/amd64/libjava.so
7f6e14886000-7f6e14893000 r-xp 00000000 08:06 5774068                    /usr/lib/jvm/java-8-oracle/jre/lib/amd64/libverify.so
7f6e14893000-7f6e14a93000 ---p 0000d000 08:06 5774068                    /usr/lib/jvm/java-8-oracle/jre/lib/amd64/libverify.so
7f6e14a93000-7f6e14a95000 rw-p 0000d000 08:06 5774068                    /usr/lib/jvm/java-8-oracle/jre/lib/amd64/libverify.so
7f6e14a95000-7f6e14a9c000 r-xp 00000000 08:06 1049727                    /lib/x86_64-linux-gnu/librt-2.19.so
7f6e14a9c000-7f6e14c9b000 ---p 00007000 08:06 1049727                    /lib/x86_64-linux-gnu/librt-2.19.so
7f6e14c9b000-7f6e14c9c000 r--p 00006000 08:06 1049727                    /lib/x86_64-linux-gnu/librt-2.19.so
7f6e14c9c000-7f6e14c9d000 rw-p 00007000 08:06 1049727                    /lib/x86_64-linux-gnu/librt-2.19.so
7f6e14c9d000-7f6e14da2000 r-xp 00000000 08:06 1049677                    /lib/x86_64-linux-gnu/libm-2.19.so
7f6e14da2000-7f6e14fa1000 ---p 00105000 08:06 1049677                    /lib/x86_64-linux-gnu/libm-2.19.so
7f6e14fa1000-7f6e14fa2000 r--p 00104000 08:06 1049677                    /lib/x86_64-linux-gnu/libm-2.19.so
7f6e14fa2000-7f6e14fa3000 rw-p 00105000 08:06 1049677                    /lib/x86_64-linux-gnu/libm-2.19.so
7f6e14fa3000-7f6e15c6e000 r-xp 00000000 08:06 5774060                    /usr/lib/jvm/java-8-oracle/jre/lib/amd64/server/libjvm.so
7f6e15c6e000-7f6e15e6d000 ---p 00ccb000 08:06 5774060                    /usr/lib/jvm/java-8-oracle/jre/lib/amd64/server/libjvm.so
7f6e15e6d000-7f6e15f46000 rw-p 00cca000 08:06 5774060                    /usr/lib/jvm/java-8-oracle/jre/lib/amd64/server/libjvm.so
7f6e15f46000-7f6e15f91000 rw-p 00000000 00:00 0 
7f6e15f91000-7f6e1614b000 r-xp 00000000 08:06 1049728                    /lib/x86_64-linux-gnu/libc-2.19.so
7f6e1614b000-7f6e1634b000 ---p 001ba000 08:06 1049728                    /lib/x86_64-linux-gnu/libc-2.19.so
7f6e1634b000-7f6e1634f000 r--p 001ba000 08:06 1049728                    /lib/x86_64-linux-gnu/libc-2.19.so
7f6e1634f000-7f6e16351000 rw-p 001be000 08:06 1049728                    /lib/x86_64-linux-gnu/libc-2.19.so
7f6e16351000-7f6e16356000 rw-p 00000000 00:00 0 
7f6e16356000-7f6e16359000 r-xp 00000000 08:06 1049679                    /lib/x86_64-linux-gnu/libdl-2.19.so
7f6e16359000-7f6e16558000 ---p 00003000 08:06 1049679                    /lib/x86_64-linux-gnu/libdl-2.19.so
7f6e16558000-7f6e16559000 r--p 00002000 08:06 1049679                    /lib/x86_64-linux-gnu/libdl-2.19.so
7f6e16559000-7f6e1655a000 rw-p 00003000 08:06 1049679                    /lib/x86_64-linux-gnu/libdl-2.19.so
7f6e1655a000-7f6e1656f000 r-xp 00000000 08:06 5774063                    /usr/lib/jvm/java-8-oracle/jre/lib/amd64/jli/libjli.so
7f6e1656f000-7f6e1676f000 ---p 00015000 08:06 5774063                    /usr/lib/jvm/java-8-oracle/jre/lib/amd64/jli/libjli.so
7f6e1676f000-7f6e16770000 rw-p 00015000 08:06 5774063                    /usr/lib/jvm/java-8-oracle/jre/lib/amd64/jli/libjli.so
7f6e16770000-7f6e16789000 r-xp 00000000 08:06 1049693                    /lib/x86_64-linux-gnu/libpthread-2.19.so
7f6e16789000-7f6e16988000 ---p 00019000 08:06 1049693                    /lib/x86_64-linux-gnu/libpthread-2.19.so
7f6e16988000-7f6e16989000 r--p 00018000 08:06 1049693                    /lib/x86_64-linux-gnu/libpthread-2.19.so
7f6e16989000-7f6e1698a000 rw-p 00019000 08:06 1049693                    /lib/x86_64-linux-gnu/libpthread-2.19.so
7f6e1698a000-7f6e1698e000 rw-p 00000000 00:00 0 
7f6e1698e000-7f6e169b1000 r-xp 00000000 08:06 1049698                    /lib/x86_64-linux-gnu/ld-2.19.so
7f6e16a87000-7f6e16a8a000 ---p 00000000 00:00 0 
7f6e16a8a000-7f6e16b8c000 rw-p 00000000 00:00 0                          [stack:8135]
7f6e16ba1000-7f6e16ba4000 rw-p 00000000 00:00 0 
7f6e16ba4000-7f6e16bac000 rw-s 00000000 08:06 4194581                    /tmp/hsperfdata_leonardo/8134
7f6e16bac000-7f6e16bad000 rw-p 00000000 00:00 0 
7f6e16bad000-7f6e16bae000 r--p 00000000 00:00 0 
7f6e16bae000-7f6e16bb0000 rw-p 00000000 00:00 0 
7f6e16bb0000-7f6e16bb1000 r--p 00022000 08:06 1049698                    /lib/x86_64-linux-gnu/ld-2.19.so
7f6e16bb1000-7f6e16bb2000 rw-p 00023000 08:06 1049698                    /lib/x86_64-linux-gnu/ld-2.19.so
7f6e16bb2000-7f6e16bb3000 rw-p 00000000 00:00 0 
7ffeeb186000-7ffeeb1a7000 rw-p 00000000 00:00 0                          [stack]
7ffeeb1e4000-7ffeeb1e6000 r--p 00000000 00:00 0                          [vvar]
7ffeeb1e6000-7ffeeb1e8000 r-xp 00000000 00:00 0                          [vdso]
ffffffffff600000-ffffffffff601000 r-xp 00000000 00:00 0                  [vsyscall]

VM Arguments:
java_command: /home/leonardo/Dropbox/Es2/ES02P01/HemoSystem/target/surefire/surefirebooter941735890838581021.jar /home/leonardo/Dropbox/Es2/ES02P01/HemoSystem/target/surefire/surefire8444024079695891208tmp /home/leonardo/Dropbox/Es2/ES02P01/HemoSystem/target/surefire/surefire7908540701399213719tmp
java_class_path (initial): /home/leonardo/Dropbox/Es2/ES02P01/HemoSystem/target/surefire/surefirebooter941735890838581021.jar
Launcher Type: SUN_STANDARD

Environment Variables:
JAVA_HOME=/usr/lib/jvm/java-8-oracle
PATH=/usr/local/sbin:/usr/local/bin:/usr/sbin:/usr/bin:/sbin:/bin:/usr/games:/usr/local/games
USERNAME=leonardo
LD_LIBRARY_PATH=/usr/lib/jvm/java-8-oracle/jre/lib/amd64:/usr/lib/jvm/java-8-oracle/jre/lib/i386:
SHELL=/bin/bash
DISPLAY=:0

Signal Handlers:
SIGSEGV: [libjvm.so+0xac4790], sa_mask[0]=11111111011111111101111111111110, sa_flags=SA_RESTART|SA_SIGINFO
SIGBUS: [libjvm.so+0xac4790], sa_mask[0]=11111111011111111101111111111110, sa_flags=SA_RESTART|SA_SIGINFO
SIGFPE: [libjvm.so+0x91f140], sa_mask[0]=11111111011111111101111111111110, sa_flags=SA_RESTART|SA_SIGINFO
SIGPIPE: [libjvm.so+0x91f140], sa_mask[0]=11111111011111111101111111111110, sa_flags=SA_RESTART|SA_SIGINFO
SIGXFSZ: [libjvm.so+0x91f140], sa_mask[0]=11111111011111111101111111111110, sa_flags=SA_RESTART|SA_SIGINFO
SIGILL: [libjvm.so+0x91f140], sa_mask[0]=11111111011111111101111111111110, sa_flags=SA_RESTART|SA_SIGINFO
SIGUSR1: SIG_DFL, sa_mask[0]=00000000000000000000000000000000, sa_flags=none
SIGUSR2: [libjvm.so+0x920770], sa_mask[0]=00100000000000000000000000000000, sa_flags=SA_RESTART|SA_SIGINFO
SIGHUP: SIG_DFL, sa_mask[0]=00000000000000000000000000000000, sa_flags=none
SIGINT: SIG_IGN, sa_mask[0]=00000000000000000000000000000000, sa_flags=none
SIGTERM: SIG_DFL, sa_mask[0]=00000000000000000000000000000000, sa_flags=none
SIGQUIT: SIG_DFL, sa_mask[0]=00000000000000000000000000000000, sa_flags=none


---------------  S Y S T E M  ---------------

OS:DISTRIB_ID=LinuxMint
DISTRIB_RELEASE=17.3
DISTRIB_CODENAME=rosa
DISTRIB_DESCRIPTION="Linux Mint 17.3 Rosa"

uname:Linux 3.19.0-32-generic #37~14.04.1-Ubuntu SMP Thu Oct 22 09:41:40 UTC 2015 x86_64
libc:glibc 2.19 NPTL 2.19 
rlimit: STACK 8192k, CORE 0k, NPROC 47493, NOFILE 4096, AS infinity
load average:16.48 5.22 2.04

/proc/meminfo:
MemTotal:       12190380 kB
MemFree:          144472 kB
MemAvailable:      96320 kB
Buffers:            1828 kB
Cached:           683912 kB
SwapCached:        15200 kB
Active:         10063120 kB
Inactive:        1569492 kB
Active(anon):   10054344 kB
Inactive(anon):  1561192 kB
Active(file):       8776 kB
Inactive(file):     8300 kB
Unevictable:        1332 kB
Mlocked:            1332 kB
SwapTotal:       3998716 kB
SwapFree:              0 kB
Dirty:               120 kB
Writeback:            72 kB
AnonPages:      10934288 kB
Mapped:           415404 kB
Shmem:            667588 kB
Slab:             126316 kB
SReclaimable:      55548 kB
SUnreclaim:        70768 kB
KernelStack:       21744 kB
PageTables:       134052 kB
NFS_Unstable:          0 kB
Bounce:                0 kB
WritebackTmp:          0 kB
CommitLimit:    10093904 kB
Committed_AS:   33504436 kB
VmallocTotal:   34359738367 kB
VmallocUsed:      579632 kB
VmallocChunk:   34359063676 kB
HardwareCorrupted:     0 kB
AnonHugePages:   2347008 kB
CmaTotal:              0 kB
CmaFree:               0 kB
HugePages_Total:       0
HugePages_Free:        0
HugePages_Rsvd:        0
HugePages_Surp:        0
Hugepagesize:       2048 kB
DirectMap4k:      398080 kB
DirectMap2M:    11022336 kB
DirectMap1G:     2097152 kB


CPU:total 4 (2 cores per cpu, 2 threads per core) family 6 model 69 stepping 1, cmov, cx8, fxsr, mmx, sse, sse2, sse3, ssse3, sse4.1, sse4.2, popcnt, avx, avx2, aes, clmul, erms, lzcnt, ht, tsc, tscinvbit, bmi1, bmi2

/proc/cpuinfo:
processor	: 0
vendor_id	: GenuineIntel
cpu family	: 6
model		: 69
model name	: Intel(R) Core(TM) i7-4500U CPU @ 1.80GHz
stepping	: 1
microcode	: 0x17
cpu MHz		: 2700.281
cache size	: 4096 KB
physical id	: 0
siblings	: 4
core id		: 0
cpu cores	: 2
apicid		: 0
initial apicid	: 0
fpu		: yes
fpu_exception	: yes
cpuid level	: 13
wp		: yes
flags		: fpu vme de pse tsc msr pae mce cx8 apic sep mtrr pge mca cmov pat pse36 clflush dts acpi mmx fxsr sse sse2 ss ht tm pbe syscall nx pdpe1gb rdtscp lm constant_tsc arch_perfmon pebs bts rep_good nopl xtopology nonstop_tsc aperfmperf eagerfpu pni pclmulqdq dtes64 monitor ds_cpl vmx est tm2 ssse3 fma cx16 xtpr pdcm pcid sse4_1 sse4_2 movbe popcnt tsc_deadline_timer aes xsave avx f16c rdrand lahf_lm abm ida arat epb pln pts dtherm tpr_shadow vnmi flexpriority ept vpid fsgsbase tsc_adjust bmi1 avx2 smep bmi2 erms invpcid xsaveopt
bugs		:
bogomips	: 4789.12
clflush size	: 64
cache_alignment	: 64
address sizes	: 39 bits physical, 48 bits virtual
power management:

processor	: 1
vendor_id	: GenuineIntel
cpu family	: 6
model		: 69
model name	: Intel(R) Core(TM) i7-4500U CPU @ 1.80GHz
stepping	: 1
microcode	: 0x17
cpu MHz		: 2699.906
cache size	: 4096 KB
physical id	: 0
siblings	: 4
core id		: 0
cpu cores	: 2
apicid		: 1
initial apicid	: 1
fpu		: yes
fpu_exception	: yes
cpuid level	: 13
wp		: yes
flags		: fpu vme de pse tsc msr pae mce cx8 apic sep mtrr pge mca cmov pat pse36 clflush dts acpi mmx fxsr sse sse2 ss ht tm pbe syscall nx pdpe1gb rdtscp lm constant_tsc arch_perfmon pebs bts rep_good nopl xtopology nonstop_tsc aperfmperf eagerfpu pni pclmulqdq dtes64 monitor ds_cpl vmx est tm2 ssse3 fma cx16 xtpr pdcm pcid sse4_1 sse4_2 movbe popcnt tsc_deadline_timer aes xsave avx f16c rdrand lahf_lm abm ida arat epb pln pts dtherm tpr_shadow vnmi flexpriority ept vpid fsgsbase tsc_adjust bmi1 avx2 smep bmi2 erms invpcid xsaveopt
bugs		:
bogomips	: 4789.12
clflush size	: 64
cache_alignment	: 64
address sizes	: 39 bits physical, 48 bits virtual
power management:

processor	: 2
vendor_id	: GenuineIntel
cpu family	: 6
model		: 69
model name	: Intel(R) Core(TM) i7-4500U CPU @ 1.80GHz
stepping	: 1
microcode	: 0x17
cpu MHz		: 2700.000
cache size	: 4096 KB
physical id	: 0
siblings	: 4
core id		: 1
cpu cores	: 2
apicid		: 2
initial apicid	: 2
fpu		: yes
fpu_exception	: yes
cpuid level	: 13
wp		: yes
flags		: fpu vme de pse tsc msr pae mce cx8 apic sep mtrr pge mca cmov pat pse36 clflush dts acpi mmx fxsr sse sse2 ss ht tm pbe syscall nx pdpe1gb rdtscp lm constant_tsc arch_perfmon pebs bts rep_good nopl xtopology nonstop_tsc aperfmperf eagerfpu pni pclmulqdq dtes64 monitor ds_cpl vmx est tm2 ssse3 fma cx16 xtpr pdcm pcid sse4_1 sse4_2 movbe popcnt tsc_deadline_timer aes xsave avx f16c rdrand lahf_lm abm ida arat epb pln pts dtherm tpr_shadow vnmi flexpriority ept vpid fsgsbase tsc_adjust bmi1 avx2 smep bmi2 erms invpcid xsaveopt
bugs		:
bogomips	: 4789.12
clflush size	: 64
cache_alignment	: 64
address sizes	: 39 bits physical, 48 bits virtual
power management:

processor	: 3
vendor_id	: GenuineIntel
cpu family	: 6
model		: 69
model name	: Intel(R) Core(TM) i7-4500U CPU @ 1.80GHz
stepping	: 1
microcode	: 0x17
cpu MHz		: 2700.000
cache size	: 4096 KB
physical id	: 0
siblings	: 4
core id		: 1
cpu cores	: 2
apicid		: 3
initial apicid	: 3
fpu		: yes
fpu_exception	: yes
cpuid level	: 13
wp		: yes
flags		: fpu vme de pse tsc msr pae mce cx8 apic sep mtrr pge mca cmov pat pse36 clflush dts acpi mmx fxsr sse sse2 ss ht tm pbe syscall nx pdpe1gb rdtscp lm constant_tsc arch_perfmon pebs bts rep_good nopl xtopology nonstop_tsc aperfmperf eagerfpu pni pclmulqdq dtes64 monitor ds_cpl vmx est tm2 ssse3 fma cx16 xtpr pdcm pcid sse4_1 sse4_2 movbe popcnt tsc_deadline_timer aes xsave avx f16c rdrand lahf_lm abm ida arat epb pln pts dtherm tpr_shadow vnmi flexpriority ept vpid fsgsbase tsc_adjust bmi1 avx2 smep bmi2 erms invpcid xsaveopt
bugs		:
bogomips	: 4789.12
clflush size	: 64
cache_alignment	: 64
address sizes	: 39 bits physical, 48 bits virtual
power management:



Memory: 4k page, physical 12190380k(144224k free), swap 3998716k(0k free)

vm_info: Java HotSpot(TM) 64-Bit Server VM (25.101-b13) for linux-amd64 JRE (1.8.0_101-b13), built on Jun 22 2016 02:59:44 by "java_re" with gcc 4.3.0 20080428 (Red Hat 4.3.0-8)

time: Tue Nov 22 22:40:53 2016
elapsed time: 0 seconds (0d 0h 0m 0s)

